<?xml version="1.0" encoding="UTF-8"?>
<!-- Generated by org.testng.reporters.JUnitReportReporter -->
<testsuite hostname="Sabi7izer" failures="0" tests="1" name="com.amazonTestCases.TC_amazonFlow" time="71.125" errors="0" timestamp="2023-02-14T00:48:05 IST" skipped="0">
  <testcase classname="com.amazonTestCases.TC_amazonFlow" name="amazonFlow" time="71.125"/>
  <system-out/>
</testsuite> <!-- com.amazonTestCases.TC_amazonFlow -->
